02-Dec-2022 08:36:06 INFO -  logged in successfully
02-Dec-2022 08:36:06 INFO -  odd number result=
02-Dec-2022 08:36:06 INFO - true
02-Dec-2022 08:36:06 INFO - Paldindrome result=
02-Dec-2022 08:36:06 INFO - false
02-Dec-2022 08:36:06 INFO - Prime result=
02-Dec-2022 08:36:06 INFO - false
02-Dec-2022 09:07:09 INFO -  logged in successfully
02-Dec-2022 09:07:09 INFO -  odd number result=
02-Dec-2022 09:07:09 INFO - true
02-Dec-2022 09:07:09 INFO - Paldindrome result=
02-Dec-2022 09:07:09 INFO - false
02-Dec-2022 09:07:09 INFO - Prime result=
02-Dec-2022 09:07:09 INFO - false
02-Dec-2022 09:10:11 INFO -  logged in successfully
02-Dec-2022 09:10:11 INFO -  odd number result=
02-Dec-2022 09:10:11 INFO - true
02-Dec-2022 09:10:11 INFO - Paldindrome result=
02-Dec-2022 09:10:11 INFO - false
02-Dec-2022 09:10:11 INFO - Prime result=
02-Dec-2022 09:10:11 INFO - false
02-Dec-2022 09:13:01 INFO -  logged in successfully
02-Dec-2022 09:13:01 INFO -  odd number result=
02-Dec-2022 09:13:01 INFO - true
02-Dec-2022 09:13:01 INFO - Paldindrome result=
02-Dec-2022 09:13:01 INFO - false
02-Dec-2022 09:13:01 INFO - Prime result=
02-Dec-2022 09:13:01 INFO - false
02-Dec-2022 09:13:45 INFO -  logged in successfully
02-Dec-2022 09:13:45 INFO -  odd number result=
02-Dec-2022 09:13:45 INFO - true
02-Dec-2022 09:13:45 INFO - Paldindrome result=
02-Dec-2022 09:13:45 INFO - false
02-Dec-2022 09:13:45 INFO - Prime result=
02-Dec-2022 09:13:45 INFO - false
02-Dec-2022 09:16:16 INFO -  logged in successfully
02-Dec-2022 09:16:16 INFO -  odd number result=
02-Dec-2022 09:16:16 INFO - true
02-Dec-2022 09:16:16 INFO - Paldindrome result=
02-Dec-2022 09:16:16 INFO - false
02-Dec-2022 09:16:16 INFO - Prime result=
02-Dec-2022 09:16:16 INFO - false
02-Dec-2022 09:17:41 INFO -  logged in successfully
02-Dec-2022 09:17:41 INFO -  odd number result=
02-Dec-2022 09:17:41 INFO - true
02-Dec-2022 09:17:41 INFO - Paldindrome result=
02-Dec-2022 09:17:41 INFO - false
02-Dec-2022 09:17:41 INFO - Prime result=
02-Dec-2022 09:17:41 INFO - false
02-Dec-2022 09:20:56 INFO -  logged in successfully
02-Dec-2022 09:20:56 INFO -  odd number result=
02-Dec-2022 09:20:56 INFO - true
02-Dec-2022 09:20:56 INFO - Paldindrome result=
02-Dec-2022 09:20:56 INFO - false
02-Dec-2022 09:20:56 INFO - Prime result=
02-Dec-2022 09:20:56 INFO - false
02-Dec-2022 09:22:28 INFO -  logged in successfully
02-Dec-2022 09:22:28 INFO -  odd number result=
02-Dec-2022 09:22:28 INFO - true
02-Dec-2022 09:22:28 INFO - Paldindrome result=
02-Dec-2022 09:22:28 INFO - false
02-Dec-2022 09:22:28 INFO - Prime result=
02-Dec-2022 09:22:28 INFO - false
02-Dec-2022 09:23:27 INFO -  logged in successfully
02-Dec-2022 09:23:27 INFO -  odd number result=
02-Dec-2022 09:23:27 INFO - true
02-Dec-2022 09:23:27 INFO - Paldindrome result=
02-Dec-2022 09:23:27 INFO - false
02-Dec-2022 09:23:27 INFO - Prime result=
02-Dec-2022 09:23:27 INFO - false
02-Dec-2022 09:23:39 INFO -  logged in successfully
02-Dec-2022 09:23:39 INFO -  odd number result=
02-Dec-2022 09:23:39 INFO - true
02-Dec-2022 09:23:39 INFO - Paldindrome result=
02-Dec-2022 09:23:39 INFO - false
02-Dec-2022 09:23:39 INFO - Prime result=
02-Dec-2022 09:23:39 INFO - false
02-Dec-2022 09:24:38 INFO -  logged in successfully
02-Dec-2022 09:24:38 INFO -  odd number result=
02-Dec-2022 09:24:38 INFO - true
02-Dec-2022 09:24:38 INFO - Paldindrome result=
02-Dec-2022 09:24:38 INFO - false
02-Dec-2022 09:24:38 INFO - Prime result=
02-Dec-2022 09:24:38 INFO - false
02-Dec-2022 09:27:25 INFO -  logged in successfully
02-Dec-2022 09:27:25 INFO -  odd number result=
02-Dec-2022 09:27:25 INFO - true
02-Dec-2022 09:27:25 INFO - Paldindrome result=
02-Dec-2022 09:27:25 INFO - false
02-Dec-2022 09:27:25 INFO - Prime result=
02-Dec-2022 09:27:25 INFO - false
