06-Dec-2022 05:46:35 ERROR - Validator.INVALID_EMPLOYEE_NAME
java.lang.Exception: Validator.INVALID_EMPLOYEE_NAME
	at com.myapp.validator.Validator.validate(Validator.java:12) [classes/:?]
	at com.myapp.Tester.main(Tester.java:12) [classes/:?]
06-Dec-2022 05:51:04 ERROR - Validator.INVALID_EMPLOYEE_NAME
java.lang.Exception: Validator.INVALID_EMPLOYEE_NAME
	at com.myapp.validator.Validator.validate(Validator.java:12) [classes/:?]
	at com.myapp.Tester.main(Tester.java:12) [classes/:?]
06-Dec-2022 05:56:49 ERROR - The entered employee ID is invalid.
java.lang.Exception: The entered employee ID is invalid.
	at com.myapp.validator.Validator.validate(Validator.java:13) [classes/:?]
	at com.myapp.Tester.main(Tester.java:12) [classes/:?]
06-Dec-2022 05:58:03 ERROR - ----The employee name is invalid.------
java.lang.Exception: ----The employee name is invalid.------
	at com.myapp.validator.Validator.validate(Validator.java:13) [classes/:?]
	at com.myapp.Tester.main(Tester.java:12) [classes/:?]
06-Dec-2022 06:00:18 ERROR - ----The employee name is invalid.------
java.lang.Exception: ----The employee name is invalid.------
	at com.myapp.validator.Validator.validate(Validator.java:13) [classes/:?]
	at com.myapp.Tester.main(Tester.java:12) [classes/:?]
